0 info it worked if it ends with ok
1 verbose cli [ 'node', '/usr/local/bin/npm', 'i' ]
2 info using npm@1.3.11
3 info using node@v0.10.21
4 warn package.json Tron-WiiU@0.0.0 No repository field.
5 warn package.json Tron-WiiU@0.0.0 No README data
6 verbose readDependencies using package.json deps
7 verbose install where, deps [ '/Users/danfinlay/Documents/wiiU', [ 'lodash', 'runloop' ] ]
8 info preinstall Tron-WiiU@0.0.0
9 verbose readDependencies using package.json deps
10 verbose cache add [ 'runloop@https://github.com/flyswatter/Node-RunLoop', null ]
11 verbose cache add name=undefined spec="runloop@https://github.com/flyswatter/Node-RunLoop" args=["runloop@https://github.com/flyswatter/Node-RunLoop",null]
12 verbose parsed url { protocol: null,
12 verbose parsed url   slashes: null,
12 verbose parsed url   auth: null,
12 verbose parsed url   host: null,
12 verbose parsed url   port: null,
12 verbose parsed url   hostname: null,
12 verbose parsed url   hash: null,
12 verbose parsed url   search: null,
12 verbose parsed url   query: null,
12 verbose parsed url   pathname: 'runloop@https://github.com/flyswatter/Node-RunLoop',
12 verbose parsed url   path: 'runloop@https://github.com/flyswatter/Node-RunLoop',
12 verbose parsed url   href: 'runloop@https://github.com/flyswatter/Node-RunLoop' }
13 verbose cache add name="runloop" spec="https://github.com/flyswatter/Node-RunLoop" args=["runloop","https://github.com/flyswatter/Node-RunLoop"]
14 verbose parsed url { protocol: 'https:',
14 verbose parsed url   slashes: true,
14 verbose parsed url   auth: null,
14 verbose parsed url   host: 'github.com',
14 verbose parsed url   port: null,
14 verbose parsed url   hostname: 'github.com',
14 verbose parsed url   hash: null,
14 verbose parsed url   search: null,
14 verbose parsed url   query: null,
14 verbose parsed url   pathname: '/flyswatter/Node-RunLoop',
14 verbose parsed url   path: '/flyswatter/Node-RunLoop',
14 verbose parsed url   href: 'https://github.com/flyswatter/Node-RunLoop' }
15 verbose already installed skipping lodash@~2.2.1 /Users/danfinlay/Documents/wiiU
16 silly lockFile 4e225421-thub-com-flyswatter-Node-RunLoop https://github.com/flyswatter/Node-RunLoop
17 verbose lock https://github.com/flyswatter/Node-RunLoop /Users/danfinlay/.npm/4e225421-thub-com-flyswatter-Node-RunLoop.lock
18 verbose addRemoteTarball [ 'https://github.com/flyswatter/Node-RunLoop', null ]
19 info retry fetch attempt 1 at 20:07:23
20 verbose fetch to= /var/folders/2n/8mtpl8r16tx4k3rkwddy7phr0000gn/T/npm-18989-M8c7QjOc/1382670443715-0.9675226139370352/tmp.tgz
21 http GET https://github.com/flyswatter/Node-RunLoop
22 http 200 https://github.com/flyswatter/Node-RunLoop
23 verbose tar unpack /var/folders/2n/8mtpl8r16tx4k3rkwddy7phr0000gn/T/npm-18989-M8c7QjOc/1382670443715-0.9675226139370352/tmp.tgz
24 silly lockFile c3cd3b0b-43715-0-9675226139370352-package tar:///var/folders/2n/8mtpl8r16tx4k3rkwddy7phr0000gn/T/npm-18989-M8c7QjOc/1382670443715-0.9675226139370352/package
25 verbose lock tar:///var/folders/2n/8mtpl8r16tx4k3rkwddy7phr0000gn/T/npm-18989-M8c7QjOc/1382670443715-0.9675226139370352/package /Users/danfinlay/.npm/c3cd3b0b-43715-0-9675226139370352-package.lock
26 silly lockFile 5e54dc76-43715-0-9675226139370352-tmp-tgz tar:///var/folders/2n/8mtpl8r16tx4k3rkwddy7phr0000gn/T/npm-18989-M8c7QjOc/1382670443715-0.9675226139370352/tmp.tgz
27 verbose lock tar:///var/folders/2n/8mtpl8r16tx4k3rkwddy7phr0000gn/T/npm-18989-M8c7QjOc/1382670443715-0.9675226139370352/tmp.tgz /Users/danfinlay/.npm/5e54dc76-43715-0-9675226139370352-tmp-tgz.lock
28 silly gunzTarPerm modes [ '755', '644' ]
29 error not a package /var/folders/2n/8mtpl8r16tx4k3rkwddy7phr0000gn/T/npm-18989-M8c7QjOc/1382670443715-0.9675226139370352/tmp.tgz
30 silly lockFile c3cd3b0b-43715-0-9675226139370352-package tar:///var/folders/2n/8mtpl8r16tx4k3rkwddy7phr0000gn/T/npm-18989-M8c7QjOc/1382670443715-0.9675226139370352/package
31 silly lockFile c3cd3b0b-43715-0-9675226139370352-package tar:///var/folders/2n/8mtpl8r16tx4k3rkwddy7phr0000gn/T/npm-18989-M8c7QjOc/1382670443715-0.9675226139370352/package
32 silly lockFile 5e54dc76-43715-0-9675226139370352-tmp-tgz tar:///var/folders/2n/8mtpl8r16tx4k3rkwddy7phr0000gn/T/npm-18989-M8c7QjOc/1382670443715-0.9675226139370352/tmp.tgz
33 silly lockFile 5e54dc76-43715-0-9675226139370352-tmp-tgz tar:///var/folders/2n/8mtpl8r16tx4k3rkwddy7phr0000gn/T/npm-18989-M8c7QjOc/1382670443715-0.9675226139370352/tmp.tgz
34 silly lockFile 4e225421-thub-com-flyswatter-Node-RunLoop https://github.com/flyswatter/Node-RunLoop
35 silly lockFile 4e225421-thub-com-flyswatter-Node-RunLoop https://github.com/flyswatter/Node-RunLoop
36 error Error: ENOENT, open '/var/folders/2n/8mtpl8r16tx4k3rkwddy7phr0000gn/T/npm-18989-M8c7QjOc/1382670443715-0.9675226139370352/package/package.json'
37 error If you need help, you may report this log at:
37 error     <http://github.com/isaacs/npm/issues>
37 error or email it to:
37 error     <npm-@googlegroups.com>
38 error System Darwin 13.0.0
39 error command "node" "/usr/local/bin/npm" "i"
40 error cwd /Users/danfinlay/Documents/wiiU
41 error node -v v0.10.21
42 error npm -v 1.3.11
43 error path /var/folders/2n/8mtpl8r16tx4k3rkwddy7phr0000gn/T/npm-18989-M8c7QjOc/1382670443715-0.9675226139370352/package/package.json
44 error code ENOENT
45 error errno 34
46 verbose exit [ 34, true ]
